[2025-09-15 15:24:51] [INFO] Chronicle Content Manager Status
[2025-09-15 15:24:51] [INFO] Testing Chronicle API authentication...
[2025-09-15 15:24:51] [ERROR] Authentication test failed
[2025-09-15 15:25:12] [INFO] Chronicle Content Manager Status
[2025-09-15 15:25:12] [INFO] Testing Chronicle API authentication...
[2025-09-15 15:25:12] [ERROR] Authentication test failed
[2025-09-15 15:25:35] [INFO] Chronicle Content Manager Status
[2025-09-15 15:25:36] [INFO] Testing Chronicle API authentication...
[2025-09-15 15:25:36] [ERROR] Authentication test failed
[2025-09-15 15:26:08] [INFO] Chronicle Content Manager Status
[2025-09-15 15:26:08] [INFO] Testing Chronicle API authentication...
[2025-09-15 15:26:09] [ERROR] Authentication test failed
[2025-09-16 09:05:06] [INFO] Checking prerequisites...
[2025-09-16 09:05:07] [INFO] Prerequisites check completed
[2025-09-16 09:05:07] [INFO] Testing Chronicle API authentication...
[2025-09-16 09:05:07] [ERROR] Authentication test failed
[2025-09-16 09:11:46] [INFO] Checking prerequisites...
[2025-09-16 09:11:47] [INFO] Prerequisites check completed
[2025-09-16 09:12:30] [INFO] Checking prerequisites...
[2025-09-16 09:12:30] [INFO] Prerequisites check completed
[2025-09-16 09:12:30] [INFO] Verifying all local rules...
[2025-09-16 09:12:30] [INFO] Rule verification completed
[2025-09-16 09:14:15] [INFO] Chronicle Content Manager Status
[2025-09-16 09:14:15] [INFO] Testing Chronicle API authentication...
[2025-09-16 09:14:15] [ERROR] Authentication test failed
[2025-09-16 09:19:29] [INFO] Checking prerequisites...
[2025-09-16 09:19:30] [INFO] Prerequisites check completed
[2025-09-16 09:19:30] [INFO] Deploying rules: all
[2025-09-16 09:19:36] [ERROR] Rule deployment failed
[2025-09-16 09:20:06] [INFO] Checking prerequisites...
[2025-09-16 09:20:07] [INFO] Prerequisites check completed
[2025-09-16 09:20:07] [INFO] Deploying rules: all
[2025-09-16 09:34:31] [INFO] Chronicle Content Manager Status
[2025-09-16 09:34:31] [INFO] Testing Chronicle API authentication...
[2025-09-16 09:34:31] [ERROR] Authentication test failed
